<html>
<body>
<pre>
<h1>Vision Build Log</h1>
<h2>Project:</h2>
E:\学习\my code\STM32 code\MotorControl\USER\MotorControl.uvproj
Project File Date:  04/16/2016

<h2>Output:</h2>
compiling main.c...
"main.c" - 0 Errors, 0 Warning(s).
Build target 'MotorControl'
compiling delay.c...
compiling exti.c...
compiling LED.C...
compiling PWM_OUT.C...
compiling stm32f10x_it.c...
compiling TIME_TEST.C...
timer.h(8): warning:  #1-D: last line of file ends without a newline
TIME_TEST.C(44): warning:  #1-D: last line of file ends without a newline
compiling usart1.c...
usart1.c(79): warning:  #1-D: last line of file ends without a newline
compiling core_cm3.c...
compiling system_stm32f10x.c...
compiling misc.c...
compiling stm32f10x_adc.c...
compiling stm32f10x_bkp.c...
compiling stm32f10x_can.c...
compiling stm32f10x_cec.c...
compiling stm32f10x_crc.c...
compiling stm32f10x_dac.c...
compiling stm32f10x_dbgmcu.c...
compiling stm32f10x_dma.c...
compiling stm32f10x_exti.c...
compiling stm32f10x_flash.c...
compiling stm32f10x_fsmc.c...
compiling stm32f10x_gpio.c...
compiling stm32f10x_i2c.c...
compiling stm32f10x_iwdg.c...
compiling stm32f10x_pwr.c...
compiling stm32f10x_rcc.c...
compiling stm32f10x_rtc.c...
compiling stm32f10x_sdio.c...
compiling stm32f10x_spi.c...
compiling stm32f10x_tim.c...
compiling stm32f10x_usart.c...
compiling stm32f10x_wwdg.c...
assembling startup_stm32f10x_md.s...
linking...
Program Size: Code=636 RO-data=268 RW-data=20 ZI-data=1028  
"..\OUTPUT\MotorControl.axf" - 0 Errors, 3 Warning(s).
Load "..\\OUTPUT\\MotorControl.axf" 
Set JLink Project File to "E:\学习\my code\STM32 code\MotorControl\USER\JLinkSettings.ini"
* JLink Info: Device "STM32F103RB" selected (128 KB flash, 20 KB RAM).
 
JLink info:
------------
DLL: V4.68a, compiled Apr 12 2013 13:26:50
Firmware: J-Link ARM-OB STM32 compiled Aug 22 2012 19:52:04
Hardware: V7.00
S/N : 20090928 
Feature(s) : RDI,FlashDL,FlashBP,JFlash,GDBFull 
 
* JLink Info: Could not measure total IR len. TDO is constant high.
* JLink Info: STM32F1xxx: Can not attach to CPU. Trying connect under reset.
* JLink Info: Could not measure total IR len. TDO is constant high.
Load "..\\OUTPUT\\MotorControl.axf" 
Set JLink Project File to "E:\学习\my code\STM32 code\MotorControl\USER\JLinkSettings.ini"
* JLink Info: Device "STM32F103RB" selected (128 KB flash, 20 KB RAM).
 
JLink info:
------------
DLL: V4.68a, compiled Apr 12 2013 13:26:50
Firmware: J-Link ARM-OB STM32 compiled Aug 22 2012 19:52:04
Hardware: V7.00
S/N : 20090928 
Feature(s) : RDI,FlashDL,FlashBP,JFlash,GDBFull 
 
* JLink Info: STM32F1xxx: Can not attach to CPU. Trying connect under reset.
Load "..\\OUTPUT\\MotorControl.axf" 
Set JLink Project File to "E:\学习\my code\STM32 code\MotorControl\USER\JLinkSettings.ini"
* JLink Info: Device "STM32F103RB" selected (128 KB flash, 20 KB RAM).
 
JLink info:
------------
DLL: V4.68a, compiled Apr 12 2013 13:26:50
Firmware: J-Link ARM-OB STM32 compiled Aug 22 2012 19:52:04
Hardware: V7.00
S/N : 20090928 
Feature(s) : RDI,FlashDL,FlashBP,JFlash,GDBFull 
 
* JLink Info: STM32F1xxx: Can not attach to CPU. Trying connect under reset.
Load "..\\OUTPUT\\MotorControl.axf" 
Set JLink Project File to "E:\学习\my code\STM32 code\MotorControl\USER\JLinkSettings.ini"
* JLink Info: Device "STM32F103RB" selected (128 KB flash, 20 KB RAM).
 
JLink info:
------------
DLL: V4.68a, compiled Apr 12 2013 13:26:50
Firmware: J-Link ARM-OB STM32 compiled Aug 22 2012 19:52:04
Hardware: V7.00
S/N : 20090928 
Feature(s) : RDI,FlashDL,FlashBP,JFlash,GDBFull 
 
* JLink Info: Found SWD-DP with ID 0x1BA01477
* JLink Info: Found SWD-DP with ID 0x1BA01477
* JLink Info: TPIU fitted.
* JLink Info: FPUnit: 6 code (BP) slots and 2 literal slots
* JLink Info: Found Cortex-M3 r1p1, Little endian.
ROMTableAddr = 0xE00FF003
 
Target info:
------------
Device: STM32F103RB
VTarget = 3.300V
State of Pins: 
TCK: 0, TDI: 0, TDO: 1, TMS: 0, TRES: 1, TRST: 1
Hardware-Breakpoints: 6
Software-Breakpoints: 8192
Watchpoints:          4
JTAG speed: 2000 kHz
 
Erase Done.
Programming Done.
Verify OK.
Build target 'MotorControl'
compiling delay.c...
compiling exti.c...
compiling LED.C...
compiling main.c...
compiling PWM_OUT.C...
compiling stm32f10x_it.c...
compiling TIME_TEST.C...
timer.h(8): warning:  #1-D: last line of file ends without a newline
TIME_TEST.C(44): warning:  #1-D: last line of file ends without a newline
compiling usart1.c...
usart1.c(79): warning:  #1-D: last line of file ends without a newline
compiling core_cm3.c...
compiling system_stm32f10x.c...
compiling misc.c...
compiling stm32f10x_adc.c...
compiling stm32f10x_bkp.c...
compiling stm32f10x_can.c...
compiling stm32f10x_cec.c...
compiling stm32f10x_crc.c...
compiling stm32f10x_dac.c...
compiling stm32f10x_dbgmcu.c...
compiling stm32f10x_dma.c...
compiling stm32f10x_exti.c...
compiling stm32f10x_flash.c...
compiling stm32f10x_fsmc.c...
compiling stm32f10x_gpio.c...
compiling stm32f10x_i2c.c...
compiling stm32f10x_iwdg.c...
compiling stm32f10x_pwr.c...
compiling stm32f10x_rcc.c...
compiling stm32f10x_rtc.c...
compiling stm32f10x_sdio.c...
compiling stm32f10x_spi.c...
compiling stm32f10x_tim.c...
compiling stm32f10x_usart.c...
compiling stm32f10x_wwdg.c...
assembling startup_stm32f10x_md.s...
linking...
Program Size: Code=6228 RO-data=268 RW-data=40 ZI-data=1024  
"..\OUTPUT\MotorControl.axf" - 0 Errors, 3 Warning(s).
Build target 'MotorControl'
compiling LED.C...
compiling main.c...
compiling PWM_OUT.C...
compiling TIME_TEST.C...
timer.h(3): error:  #5: cannot open source input file "sys.h": No such file or directory
compiling Encoder.c...
Encoder.h(3): error:  #5: cannot open source input file "sys.h": No such file or directory
compiling timer.c...
timer.h(3): error:  #5: cannot open source input file "sys.h": No such file or directory
compiling usart.c...
usart.c(1): error:  #5: cannot open source input file "sys.h": No such file or directory
"..\OUTPUT\MotorControl.axf" - 4 Errors, 0 Warning(s).
Target not created
Build target 'MotorControl'
compiling TIME_TEST.C...
TIME_TEST.C(44): warning:  #1-D: last line of file ends without a newline
compiling Encoder.c...
compiling timer.c...
compiling usart.c...
linking...
..\OUTPUT\MotorControl.axf: Error: L6200E: Symbol TIM3_PWM_Init multiply defined (by timer.o and pwm_out.o).
"..\OUTPUT\MotorControl.axf" - 1 Errors, 1 Warning(s).
Target not created
Build target 'MotorControl'
compiling TIME_TEST.C...
TIME_TEST.C(11): error:  #5: cannot open source input file "timer.h": No such file or directory
compiling Encoder.c...
compiling usart.c...
"..\OUTPUT\MotorControl.axf" - 1 Errors, 0 Warning(s).
Target not created
Build target 'MotorControl'
linking...
Program Size: Code=7896 RO-data=268 RW-data=48 ZI-data=1224  
"..\OUTPUT\MotorControl.axf" - 0 Errors, 0 Warning(s).
